{
  "RSpec": {
    "coverage": {
      "/home/JCO5280/tic-tac-toe-rb-online-web-sp-000/lib/tic_tac_toe.rb": [
        1,
        101,
        null,
        null,
        null,
        null,
        1,
        null,
        null,
        null,
        null,
        null,
        null,
        null,
        null,
        null,
        1,
        49,
        254,
        254,
        254,
        null,
        254,
        254,
        254,
        null,
        254,
        27,
        null,
        null,
        22,
        null,
        null,
        1,
        132,
        null,
        null,
        1,
        17,
        7,
        null,
        10,
        null,
        null,
        null,
        1,
        14,
        9,
        null,
        5,
        null,
        null,
        1,
        10,
        9,
        null,
        null,
        null,
        1,
        15,
        15,
        15,
        15,
        15,
        null,
        null,
        1,
        17,
        null,
        null,
        1,
        16,
        null,
        null,
        1,
        17,
        14,
        null,
        null,
        null,
        1,
        14,
        14,
        14,
        14,
        14,
        13,
        13,
        null,
        1,
        1,
        null,
        null,
        null,
        1,
        15,
        15,
        135,
        11,
        null,
        null,
        15,
        null,
        null,
        1,
        14,
        null,
        null,
        1,
        11,
        11,
        null,
        11,
        4,
        4,
        7,
        3,
        null,
        null,
        null,
        null,
        null,
        null,
        null,
        null,
        null,
        null,
        null,
        null,
        null,
        null,
        null,
        null,
        null,
        null,
        null,
        null
      ]
    },
    "timestamp": 1583689716
  }
}
