{
  "RSpec": {
    "coverage": {
      "/home/JCO5280/tic-tac-toe-rb-online-web-sp-000/lib/tic_tac_toe.rb": [
        1,
        7,
        null,
        null,
        null,
        null,
        1,
        null,
        null,
        null,
        null,
        null,
        null,
        null,
        null,
        null,
        1,
        0,
        0,
        0,
        0,
        null,
        0,
        0,
        0,
        null,
        0,
        0,
        null,
        null,
        0,
        null,
        null,
        1,
        0,
        null,
        null,
        1,
        0,
        0,
        null,
        0,
        null,
        null,
        null,
        1,
        0,
        0,
        null,
        0,
        null,
        null,
        1,
        0,
        0,
        null,
        null,
        null,
        1,
        7,
        7,
        7,
        7,
        7,
        null,
        null,
        1,
        7,
        null,
        null,
        1,
        7,
        null,
        null,
        1,
        7,
        7,
        null,
        null,
        null,
        1,
        7,
        7,
        7,
        7,
        7,
        7,
        7,
        null,
        0,
        0,
        null,
        null,
        null,
        1,
        7,
        7,
        63,
        4,
        null,
        null,
        7,
        null,
        null,
        1,
        7,
        null,
        null,
        1,
        12,
        7,
        null,
        4,
        0,
        0,
        0,
        0,
        null,
        null,
        null,
        null,
        null,
        null,
        null,
        null,
        null,
        null,
        null,
        null,
        null,
        null,
        null,
        null,
        null,
        null,
        null,
        null
      ]
    },
    "timestamp": 1583689446
  }
}
